[2023-03-28 10:16:33,168] {taskinstance.py:903} INFO - Dependencies all met for <TaskInstance: example_python_operator.virtualenv_python 2023-03-28T10:16:30.912776+00:00 [queued]>
[2023-03-28 10:16:33,189] {taskinstance.py:903} INFO - Dependencies all met for <TaskInstance: example_python_operator.virtualenv_python 2023-03-28T10:16:30.912776+00:00 [queued]>
[2023-03-28 10:16:33,190] {taskinstance.py:1095} INFO - 
--------------------------------------------------------------------------------
[2023-03-28 10:16:33,192] {taskinstance.py:1096} INFO - Starting attempt 1 of 1
[2023-03-28 10:16:33,193] {taskinstance.py:1097} INFO - 
--------------------------------------------------------------------------------
[2023-03-28 10:16:33,217] {taskinstance.py:1115} INFO - Executing <Task(PythonVirtualenvOperator): virtualenv_python> on 2023-03-28T10:16:30.912776+00:00
[2023-03-28 10:16:33,227] {standard_task_runner.py:52} INFO - Started process 406 to run task
[2023-03-28 10:16:33,242] {standard_task_runner.py:76} INFO - Running: ['***', 'tasks', 'run', 'example_python_operator', 'virtualenv_python', '2023-03-28T10:16:30.912776+00:00', '--job-id', '3', '--pool', 'default_pool', '--raw', '--subdir', '/home/***/.local/lib/python3.6/site-packages/***/example_dags/example_python_operator.py', '--cfg-path', '/tmp/tmpu6ogngya', '--error-file', '/tmp/tmp7mcjmi2r']
[2023-03-28 10:16:33,243] {standard_task_runner.py:77} INFO - Job 3: Subtask virtualenv_python
[2023-03-28 10:16:33,339] {logging_mixin.py:109} INFO - Running <TaskInstance: example_python_operator.virtualenv_python 2023-03-28T10:16:30.912776+00:00 [running]> on host da0f6ea143ee
[2023-03-28 10:16:33,472] {taskinstance.py:1254} INFO - Exporting the following env vars:
AIRFLOW_CTX_DAG_OWNER=***
AIRFLOW_CTX_DAG_ID=example_python_operator
AIRFLOW_CTX_TASK_ID=virtualenv_python
AIRFLOW_CTX_EXECUTION_DATE=2023-03-28T10:16:30.912776+00:00
AIRFLOW_CTX_DAG_RUN_ID=manual__2023-03-28T10:16:30.912776+00:00
[2023-03-28 10:16:33,477] {process_utils.py:135} INFO - Executing cmd: virtualenv /tmp/venvl5nsiva_
[2023-03-28 10:16:33,499] {process_utils.py:139} INFO - Output:
[2023-03-28 10:16:38,640] {process_utils.py:143} INFO - created virtual environment CPython3.6.15.final.0-64 in 1827ms
[2023-03-28 10:16:38,642] {process_utils.py:143} INFO -   creator CPython3Posix(dest=/tmp/venvl5nsiva_, clear=False, no_vcs_ignore=False, global=False)
[2023-03-28 10:16:38,645] {process_utils.py:143} INFO -   seeder FromAppData(download=False, pip=bundle, setuptools=bundle, wheel=bundle, via=copy, app_data_dir=/home/***/.local/share/virtualenv)
[2023-03-28 10:16:38,646] {process_utils.py:143} INFO -     added seed packages: pip==21.2.4, setuptools==58.0.4, wheel==0.37.0
[2023-03-28 10:16:38,648] {process_utils.py:143} INFO -   activators BashActivator,CShellActivator,FishActivator,NushellActivator,PowerShellActivator,PythonActivator
[2023-03-28 10:16:38,756] {process_utils.py:135} INFO - Executing cmd: /tmp/venvl5nsiva_/bin/pip install colorama==0.4.0
[2023-03-28 10:16:38,811] {process_utils.py:139} INFO - Output:
[2023-03-28 10:16:58,159] {process_utils.py:143} INFO - Collecting colorama==0.4.0
[2023-03-28 10:17:12,833] {process_utils.py:143} INFO -   Downloading colorama-0.4.0-py2.py3-none-any.whl (21 kB)
[2023-03-28 10:17:27,890] {process_utils.py:143} INFO - ERROR: Exception:
[2023-03-28 10:17:27,923] {process_utils.py:143} INFO - Traceback (most recent call last):
[2023-03-28 10:17:27,925] {process_utils.py:143} INFO -   File "/tmp/venvl5nsiva_/lib/python3.6/site-packages/pip/_vendor/urllib3/response.py", line 438, in _error_catcher
[2023-03-28 10:17:27,941] {process_utils.py:143} INFO -     yield
[2023-03-28 10:17:27,957] {process_utils.py:143} INFO -   File "/tmp/venvl5nsiva_/lib/python3.6/site-packages/pip/_vendor/urllib3/response.py", line 519, in read
[2023-03-28 10:17:27,969] {process_utils.py:143} INFO -     data = self._fp.read(amt) if not fp_closed else b""
[2023-03-28 10:17:27,972] {process_utils.py:143} INFO -   File "/tmp/venvl5nsiva_/lib/python3.6/site-packages/pip/_vendor/cachecontrol/filewrapper.py", line 62, in read
[2023-03-28 10:17:27,983] {process_utils.py:143} INFO -     data = self.__fp.read(amt)
[2023-03-28 10:17:27,987] {process_utils.py:143} INFO -   File "/usr/local/lib/python3.6/http/client.py", line 467, in read
[2023-03-28 10:17:27,989] {process_utils.py:143} INFO -     n = self.readinto(b)
[2023-03-28 10:17:27,992] {process_utils.py:143} INFO -   File "/usr/local/lib/python3.6/http/client.py", line 511, in readinto
[2023-03-28 10:17:28,001] {process_utils.py:143} INFO -     n = self.fp.readinto(b)
[2023-03-28 10:17:28,003] {process_utils.py:143} INFO -   File "/usr/local/lib/python3.6/socket.py", line 586, in readinto
[2023-03-28 10:17:28,005] {process_utils.py:143} INFO -     return self._sock.recv_into(b)
[2023-03-28 10:17:28,007] {process_utils.py:143} INFO -   File "/usr/local/lib/python3.6/ssl.py", line 1012, in recv_into
[2023-03-28 10:17:28,011] {process_utils.py:143} INFO -     return self.read(nbytes, buffer)
[2023-03-28 10:17:28,016] {process_utils.py:143} INFO -   File "/usr/local/lib/python3.6/ssl.py", line 874, in read
[2023-03-28 10:17:28,022] {process_utils.py:143} INFO -     return self._sslobj.read(len, buffer)
[2023-03-28 10:17:28,027] {process_utils.py:143} INFO -   File "/usr/local/lib/python3.6/ssl.py", line 631, in read
[2023-03-28 10:17:28,030] {process_utils.py:143} INFO -     v = self._sslobj.read(len, buffer)
[2023-03-28 10:17:28,032] {process_utils.py:143} INFO - socket.timeout: The read operation timed out
[2023-03-28 10:17:28,036] {process_utils.py:143} INFO - 
[2023-03-28 10:17:28,039] {process_utils.py:143} INFO - During handling of the above exception, another exception occurred:
[2023-03-28 10:17:28,042] {process_utils.py:143} INFO - 
[2023-03-28 10:17:28,045] {process_utils.py:143} INFO - Traceback (most recent call last):
[2023-03-28 10:17:28,083] {process_utils.py:143} INFO -   File "/tmp/venvl5nsiva_/lib/python3.6/site-packages/pip/_internal/cli/base_command.py", line 173, in _main
[2023-03-28 10:17:28,086] {process_utils.py:143} INFO -     status = self.run(options, args)
[2023-03-28 10:17:28,088] {process_utils.py:143} INFO -   File "/tmp/venvl5nsiva_/lib/python3.6/site-packages/pip/_internal/cli/req_command.py", line 203, in wrapper
[2023-03-28 10:17:28,091] {process_utils.py:143} INFO -     return func(self, options, args)
[2023-03-28 10:17:28,099] {process_utils.py:143} INFO -   File "/tmp/venvl5nsiva_/lib/python3.6/site-packages/pip/_internal/commands/install.py", line 316, in run
[2023-03-28 10:17:28,102] {process_utils.py:143} INFO -     reqs, check_supported_wheels=not options.target_dir
[2023-03-28 10:17:28,134] {process_utils.py:143} INFO -   File "/tmp/venvl5nsiva_/lib/python3.6/site-packages/pip/_internal/resolution/resolvelib/resolver.py", line 95, in resolve
[2023-03-28 10:17:28,137] {process_utils.py:143} INFO -     collected.requirements, max_rounds=try_to_avoid_resolution_too_deep
[2023-03-28 10:17:28,138] {process_utils.py:143} INFO -   File "/tmp/venvl5nsiva_/lib/python3.6/site-packages/pip/_vendor/resolvelib/resolvers.py", line 472, in resolve
[2023-03-28 10:17:28,141] {process_utils.py:143} INFO -     state = resolution.resolve(requirements, max_rounds=max_rounds)
[2023-03-28 10:17:28,151] {process_utils.py:143} INFO -   File "/tmp/venvl5nsiva_/lib/python3.6/site-packages/pip/_vendor/resolvelib/resolvers.py", line 341, in resolve
[2023-03-28 10:17:28,153] {process_utils.py:143} INFO -     self._add_to_criteria(self.state.criteria, r, parent=None)
[2023-03-28 10:17:28,156] {process_utils.py:143} INFO -   File "/tmp/venvl5nsiva_/lib/python3.6/site-packages/pip/_vendor/resolvelib/resolvers.py", line 172, in _add_to_criteria
[2023-03-28 10:17:28,158] {process_utils.py:143} INFO -     if not criterion.candidates:
[2023-03-28 10:17:28,164] {process_utils.py:143} INFO -   File "/tmp/venvl5nsiva_/lib/python3.6/site-packages/pip/_vendor/resolvelib/structs.py", line 151, in __bool__
[2023-03-28 10:17:28,170] {process_utils.py:143} INFO -     return bool(self._sequence)
[2023-03-28 10:17:28,173] {process_utils.py:143} INFO -   File "/tmp/venvl5nsiva_/lib/python3.6/site-packages/pip/_internal/resolution/resolvelib/found_candidates.py", line 140, in __bool__
[2023-03-28 10:17:28,208] {process_utils.py:143} INFO -     return any(self)
[2023-03-28 10:17:28,214] {process_utils.py:143} INFO -   File "/tmp/venvl5nsiva_/lib/python3.6/site-packages/pip/_internal/resolution/resolvelib/found_candidates.py", line 128, in <genexpr>
[2023-03-28 10:17:28,216] {process_utils.py:143} INFO -     return (c for c in iterator if id(c) not in self._incompatible_ids)
[2023-03-28 10:17:28,218] {process_utils.py:143} INFO -   File "/tmp/venvl5nsiva_/lib/python3.6/site-packages/pip/_internal/resolution/resolvelib/found_candidates.py", line 32, in _iter_built
[2023-03-28 10:17:28,221] {process_utils.py:143} INFO -     candidate = func()
[2023-03-28 10:17:28,223] {process_utils.py:143} INFO -   File "/tmp/venvl5nsiva_/lib/python3.6/site-packages/pip/_internal/resolution/resolvelib/factory.py", line 209, in _make_candidate_from_link
[2023-03-28 10:17:28,224] {process_utils.py:143} INFO -     version=version,
[2023-03-28 10:17:28,227] {process_utils.py:143} INFO -   File "/tmp/venvl5nsiva_/lib/python3.6/site-packages/pip/_internal/resolution/resolvelib/candidates.py", line 301, in __init__
[2023-03-28 10:17:28,229] {process_utils.py:143} INFO -     version=version,
[2023-03-28 10:17:28,232] {process_utils.py:143} INFO -   File "/tmp/venvl5nsiva_/lib/python3.6/site-packages/pip/_internal/resolution/resolvelib/candidates.py", line 156, in __init__
[2023-03-28 10:17:28,233] {process_utils.py:143} INFO -     self.dist = self._prepare()
[2023-03-28 10:17:28,237] {process_utils.py:143} INFO -   File "/tmp/venvl5nsiva_/lib/python3.6/site-packages/pip/_internal/resolution/resolvelib/candidates.py", line 227, in _prepare
[2023-03-28 10:17:28,240] {process_utils.py:143} INFO -     dist = self._prepare_distribution()
[2023-03-28 10:17:28,242] {process_utils.py:143} INFO -   File "/tmp/venvl5nsiva_/lib/python3.6/site-packages/pip/_internal/resolution/resolvelib/candidates.py", line 306, in _prepare_distribution
[2023-03-28 10:17:28,247] {process_utils.py:143} INFO -     self._ireq, parallel_builds=True
[2023-03-28 10:17:28,250] {process_utils.py:143} INFO -   File "/tmp/venvl5nsiva_/lib/python3.6/site-packages/pip/_internal/operations/prepare.py", line 508, in prepare_linked_requirement
[2023-03-28 10:17:28,251] {process_utils.py:143} INFO -     return self._prepare_linked_requirement(req, parallel_builds)
[2023-03-28 10:17:28,256] {process_utils.py:143} INFO -   File "/tmp/venvl5nsiva_/lib/python3.6/site-packages/pip/_internal/operations/prepare.py", line 552, in _prepare_linked_requirement
[2023-03-28 10:17:28,257] {process_utils.py:143} INFO -     self.download_dir, hashes
[2023-03-28 10:17:28,259] {process_utils.py:143} INFO -   File "/tmp/venvl5nsiva_/lib/python3.6/site-packages/pip/_internal/operations/prepare.py", line 243, in unpack_url
[2023-03-28 10:17:28,267] {process_utils.py:143} INFO -     hashes=hashes,
[2023-03-28 10:17:28,271] {process_utils.py:143} INFO -   File "/tmp/venvl5nsiva_/lib/python3.6/site-packages/pip/_internal/operations/prepare.py", line 102, in get_http_url
[2023-03-28 10:17:28,273] {process_utils.py:143} INFO -     from_path, content_type = download(link, temp_dir.path)
[2023-03-28 10:17:28,275] {process_utils.py:143} INFO -   File "/tmp/venvl5nsiva_/lib/python3.6/site-packages/pip/_internal/network/download.py", line 145, in __call__
[2023-03-28 10:17:28,277] {process_utils.py:143} INFO -     for chunk in chunks:
[2023-03-28 10:17:28,281] {process_utils.py:143} INFO -   File "/tmp/venvl5nsiva_/lib/python3.6/site-packages/pip/_internal/network/utils.py", line 87, in response_chunks
[2023-03-28 10:17:28,282] {process_utils.py:143} INFO -     decode_content=False,
[2023-03-28 10:17:28,284] {process_utils.py:143} INFO -   File "/tmp/venvl5nsiva_/lib/python3.6/site-packages/pip/_vendor/urllib3/response.py", line 576, in stream
[2023-03-28 10:17:28,285] {process_utils.py:143} INFO -     data = self.read(amt=amt, decode_content=decode_content)
[2023-03-28 10:17:28,287] {process_utils.py:143} INFO -   File "/tmp/venvl5nsiva_/lib/python3.6/site-packages/pip/_vendor/urllib3/response.py", line 541, in read
[2023-03-28 10:17:28,290] {process_utils.py:143} INFO -     raise IncompleteRead(self._fp_bytes_read, self.length_remaining)
[2023-03-28 10:17:28,291] {process_utils.py:143} INFO -   File "/usr/local/lib/python3.6/contextlib.py", line 99, in __exit__
[2023-03-28 10:17:28,292] {process_utils.py:143} INFO -     self.gen.throw(type, value, traceback)
[2023-03-28 10:17:28,296] {process_utils.py:143} INFO -   File "/tmp/venvl5nsiva_/lib/python3.6/site-packages/pip/_vendor/urllib3/response.py", line 443, in _error_catcher
[2023-03-28 10:17:28,298] {process_utils.py:143} INFO -     raise ReadTimeoutError(self._pool, None, "Read timed out.")
[2023-03-28 10:17:28,300] {process_utils.py:143} INFO - pip._vendor.urllib3.exceptions.ReadTimeoutError: HTTPSConnectionPool(host='files.pythonhosted.org', port=443): Read timed out.
[2023-03-28 10:17:29,363] {process_utils.py:143} INFO - WARNING: You are using pip version 21.2.4; however, version 21.3.1 is available.
[2023-03-28 10:17:29,365] {process_utils.py:143} INFO - You should consider upgrading via the '/tmp/venvl5nsiva_/bin/python -m pip install --upgrade pip' command.
[2023-03-28 10:17:30,139] {taskinstance.py:1463} ERROR - Task failed with exception
Traceback (most recent call last):
  File "/home/airflow/.local/lib/python3.6/site-packages/airflow/models/taskinstance.py", line 1165, in _run_raw_task
    self._prepare_and_execute_task_with_callbacks(context, task)
  File "/home/airflow/.local/lib/python3.6/site-packages/airflow/models/taskinstance.py", line 1283, in _prepare_and_execute_task_with_callbacks
    result = self._execute_task(context, task_copy)
  File "/home/airflow/.local/lib/python3.6/site-packages/airflow/models/taskinstance.py", line 1313, in _execute_task
    result = task_copy.execute(context=context)
  File "/home/airflow/.local/lib/python3.6/site-packages/airflow/operators/python.py", line 347, in execute
    return super().execute(context=serializable_context)
  File "/home/airflow/.local/lib/python3.6/site-packages/airflow/operators/python.py", line 150, in execute
    return_value = self.execute_callable()
  File "/home/airflow/.local/lib/python3.6/site-packages/airflow/operators/python.py", line 363, in execute_callable
    requirements=self.requirements,
  File "/home/airflow/.local/lib/python3.6/site-packages/airflow/utils/python_virtualenv.py", line 98, in prepare_virtualenv
    execute_in_subprocess(pip_cmd)
  File "/home/airflow/.local/lib/python3.6/site-packages/airflow/utils/process_utils.py", line 147, in execute_in_subprocess
    raise subprocess.CalledProcessError(exit_code, cmd)
subprocess.CalledProcessError: Command '['/tmp/venvl5nsiva_/bin/pip', 'install', 'colorama==0.4.0']' returned non-zero exit status 2.
[2023-03-28 10:17:30,180] {taskinstance.py:1513} INFO - Marking task as FAILED. dag_id=example_python_operator, task_id=virtualenv_python, execution_date=20230328T101630, start_date=20230328T101633, end_date=20230328T101730
[2023-03-28 10:17:30,395] {local_task_job.py:151} INFO - Task exited with return code 1
[2023-03-28 10:17:30,531] {local_task_job.py:261} INFO - 0 downstream tasks scheduled from follow-on schedule check
